<?xml version="1.0" encoding="UTF-8"?>
<testsuite name="ComputerRepairRequestTest" tests="2" skipped="0" failures="0" errors="0" timestamp="2025-03-05T14:50:43" hostname="LAPTOP-D8MCURDM" time="0.035">
  <properties/>
  <testcase name="First test" classname="ComputerRepairRequestTest" time="0.033"/>
  <testcase name="Second test" classname="ComputerRepairRequestTest" time="0.001"/>
  <system-out><![CDATA[]]></system-out>
  <system-err><![CDATA[]]></system-err>
</testsuite>
